[INFO] Scanning for projects...
[INFO] 
[INFO] ----------------< be.ucll.se.lecturers:project-backend >----------------
[INFO] Building project-backend 0.0.1-SNAPSHOT
[INFO]   from pom.xml
[INFO] --------------------------------[ jar ]---------------------------------
[INFO] 
[INFO] >>> spring-boot:3.5.5:run (default-cli) > test-compile @ project-backend >>>
[INFO] 
[INFO] --- resources:3.3.1:resources (default-resources) @ project-backend ---
[INFO] Copying 1 resource from src/main/resources to target/classes
[INFO] Copying 1 resource from src/main/resources to target/classes
[INFO] 
[INFO] --- compiler:3.14.0:compile (default-compile) @ project-backend ---
[INFO] Nothing to compile - all classes are up to date.
[INFO] 
[INFO] --- resources:3.3.1:testResources (default-testResources) @ project-backend ---
[INFO] Copying 1 resource from src/test/resources to target/test-classes
[INFO] 
[INFO] --- compiler:3.14.0:testCompile (default-testCompile) @ project-backend ---
[INFO] Nothing to compile - all classes are up to date.
[INFO] 
[INFO] <<< spring-boot:3.5.5:run (default-cli) < test-compile @ project-backend <<<
[INFO] 
[INFO] 
[INFO] --- spring-boot:3.5.5:run (default-cli) @ project-backend ---
[INFO] Attaching agents: []

  .   ____          _            __ _ _
 /\\ / ___'_ __ _ _(_)_ __  __ _ \ \ \ \
( ( )\___ | '_ | '_| | '_ \/ _` | \ \ \ \
 \\/  ___)| |_)| | | | | || (_| |  ) ) ) )
  '  |____| .__|_| |_|_| |_\__, | / / / /
 =========|_|==============|___/=/_/_/_/

 :: Spring Boot ::                (v3.5.5)

2025-12-21T02:43:29.593+01:00  INFO 55377 --- [fullstack-project] [           main] be.ucll.fs.project.Application           : Starting Application using Java 21.0.6 with PID 55377 (/Users/florianbraun/Documents/Eventify/Eventify-Back-End/target/classes started by florianbraun in /Users/florianbraun/Documents/Eventify/Eventify-Back-End)
2025-12-21T02:43:29.594+01:00  INFO 55377 --- [fullstack-project] [           main] be.ucll.fs.project.Application           : No active profile set, falling back to 1 default profile: "default"
2025-12-21T02:43:29.926+01:00  INFO 55377 --- [fullstack-project] [           main] .s.d.r.c.RepositoryConfigurationDelegate : Bootstrapping Spring Data JPA repositories in DEFAULT mode.
2025-12-21T02:43:29.957+01:00  INFO 55377 --- [fullstack-project] [           main] .s.d.r.c.RepositoryConfigurationDelegate : Finished Spring Data repository scanning in 26 ms. Found 6 JPA repository interfaces.
2025-12-21T02:43:30.168+01:00  INFO 55377 --- [fullstack-project] [           main] o.s.b.w.embedded.tomcat.TomcatWebServer  : Tomcat initialized with port 8080 (http)
2025-12-21T02:43:30.174+01:00  INFO 55377 --- [fullstack-project] [           main] o.apache.catalina.core.StandardService   : Starting service [Tomcat]
2025-12-21T02:43:30.174+01:00  INFO 55377 --- [fullstack-project] [           main] o.apache.catalina.core.StandardEngine    : Starting Servlet engine: [Apache Tomcat/10.1.44]
2025-12-21T02:43:30.195+01:00  INFO 55377 --- [fullstack-project] [           main] o.a.c.c.C.[Tomcat].[localhost].[/]       : Initializing Spring embedded WebApplicationContext
2025-12-21T02:43:30.195+01:00  INFO 55377 --- [fullstack-project] [           main] w.s.c.ServletWebServerApplicationContext : Root WebApplicationContext: initialization completed in 586 ms
2025-12-21T02:43:30.250+01:00  INFO 55377 --- [fullstack-project] [           main] com.zaxxer.hikari.HikariDataSource       : HikariPool-1 - Starting...
2025-12-21T02:43:30.330+01:00  INFO 55377 --- [fullstack-project] [           main] com.zaxxer.hikari.pool.HikariPool        : HikariPool-1 - Added connection org.postgresql.jdbc.PgConnection@76e4212
2025-12-21T02:43:30.331+01:00  INFO 55377 --- [fullstack-project] [           main] com.zaxxer.hikari.HikariDataSource       : HikariPool-1 - Start completed.
2025-12-21T02:43:30.441+01:00  INFO 55377 --- [fullstack-project] [           main] o.hibernate.jpa.internal.util.LogHelper  : HHH000204: Processing PersistenceUnitInfo [name: default]
2025-12-21T02:43:30.466+01:00  INFO 55377 --- [fullstack-project] [           main] org.hibernate.Version                    : HHH000412: Hibernate ORM core version 6.6.26.Final
2025-12-21T02:43:30.479+01:00  INFO 55377 --- [fullstack-project] [           main] o.h.c.internal.RegionFactoryInitiator    : HHH000026: Second-level cache disabled
2025-12-21T02:43:30.582+01:00  INFO 55377 --- [fullstack-project] [           main] o.s.o.j.p.SpringPersistenceUnitInfo      : No LoadTimeWeaver setup: ignoring JPA class transformer
2025-12-21T02:43:30.637+01:00  WARN 55377 --- [fullstack-project] [           main] org.hibernate.orm.deprecation            : HHH90000025: PostgreSQLDialect does not need to be specified explicitly using 'hibernate.dialect' (remove the property setting and it will be selected by default)
2025-12-21T02:43:30.643+01:00  INFO 55377 --- [fullstack-project] [           main] org.hibernate.orm.connections.pooling    : HHH10001005: Database info:
	Database JDBC URL [Connecting through datasource 'HikariDataSource (HikariPool-1)']
	Database driver: undefined/unknown
	Database version: 18.0
	Autocommit mode: undefined/unknown
	Isolation level: undefined/unknown
	Minimum pool size: undefined/unknown
	Maximum pool size: undefined/unknown
2025-12-21T02:43:31.026+01:00  INFO 55377 --- [fullstack-project] [           main] o.h.e.t.j.p.i.JtaPlatformInitiator       : HHH000489: No JTA platform available (set 'hibernate.transaction.jta.platform' to enable JTA platform integration)
Hibernate: 
    set client_min_messages = WARNING
Hibernate: 
    alter table if exists event_descriptions 
       drop constraint if exists FKb36ktuuiwk5teo74oc8hgtq60
Hibernate: 
    alter table if exists event_venues 
       drop constraint if exists FKe7q8llws1qua10nrpy93grwj0
Hibernate: 
    alter table if exists event_venues 
       drop constraint if exists FKjcn8n71jdy4d2qt7a1911b9bp
Hibernate: 
    alter table if exists tickets 
       drop constraint if exists FK3utafe14rupaypjocldjaj4ol
Hibernate: 
    alter table if exists tickets 
       drop constraint if exists FK4eqsebpimnjen0q46ja6fl2hl
Hibernate: 
    alter table if exists users 
       drop constraint if exists FKn36jwt4acj3il2ixvv2c0ncco
Hibernate: 
    alter table if exists users 
       drop constraint if exists FKdkcf9kc7p75vsx2im07x8gcnn
Hibernate: 
    alter table if exists venues 
       drop constraint if exists FKm3mi79lpgax9ln1v2kbrc9fsb
Hibernate: 
    drop table if exists cities cascade
Hibernate: 
    drop table if exists event_descriptions cascade
Hibernate: 
    drop table if exists event_venues cascade
Hibernate: 
    drop table if exists events cascade
Hibernate: 
    drop table if exists tickets cascade
Hibernate: 
    drop table if exists users cascade
Hibernate: 
    drop table if exists venues cascade
Hibernate: 
    create table cities (
        city_id bigint generated by default as identity,
        country varchar(100) not null,
        name varchar(100) not null,
        region varchar(100),
        primary key (city_id)
    )
Hibernate: 
    create table event_descriptions (
        description_id bigint generated by default as identity,
        event_id bigint not null unique,
        event_type varchar(100),
        extra_description TEXT,
        featured_artists TEXT,
        ticket_purchase_link TEXT,
        primary key (description_id)
    )
Hibernate: 
    create table event_venues (
        event_id bigint not null,
        venue_id bigint not null
    )
Hibernate: 
    create table events (
        available_tickets integer,
        end_time time(6) not null,
        event_date date not null,
        start_time time(6) not null,
        event_id bigint generated by default as identity,
        title varchar(150) not null,
        primary key (event_id)
    )
Hibernate: 
    create table tickets (
        price float(53) not null,
        event_id bigint not null,
        purchase_date timestamp(6) not null,
        ticket_id bigint generated by default as identity,
        user_id bigint not null,
        seat_number varchar(50),
        primary key (ticket_id)
    )
Hibernate: 
    create table users (
        city_id bigint not null,
        preferred_city_id bigint,
        user_id bigint generated by default as identity,
        name varchar(100) not null,
        event_preference varchar(150),
        "location" varchar(150),
        "password" varchar(255) not null,
        role varchar(255) not null check (role in ('ADMIN','ORGANIZER','USER')),
        primary key (user_id)
    )
Hibernate: 
    create table venues (
        capacity integer check (capacity>=1),
        city_id bigint not null,
        venue_id bigint generated by default as identity,
        name varchar(150) not null,
        address varchar(200),
        primary key (venue_id)
    )
Hibernate: 
    alter table if exists event_descriptions 
       add constraint FKb36ktuuiwk5teo74oc8hgtq60 
       foreign key (event_id) 
       references events
Hibernate: 
    alter table if exists event_venues 
       add constraint FKe7q8llws1qua10nrpy93grwj0 
       foreign key (venue_id) 
       references venues
Hibernate: 
    alter table if exists event_venues 
       add constraint FKjcn8n71jdy4d2qt7a1911b9bp 
       foreign key (event_id) 
       references events
Hibernate: 
    alter table if exists tickets 
       add constraint FK3utafe14rupaypjocldjaj4ol 
       foreign key (event_id) 
       references events
Hibernate: 
    alter table if exists tickets 
       add constraint FK4eqsebpimnjen0q46ja6fl2hl 
       foreign key (user_id) 
       references users
Hibernate: 
    alter table if exists users 
       add constraint FKn36jwt4acj3il2ixvv2c0ncco 
       foreign key (city_id) 
       references cities
Hibernate: 
    alter table if exists users 
       add constraint FKdkcf9kc7p75vsx2im07x8gcnn 
       foreign key (preferred_city_id) 
       references cities
Hibernate: 
    alter table if exists venues 
       add constraint FKm3mi79lpgax9ln1v2kbrc9fsb 
       foreign key (city_id) 
       references cities
2025-12-21T02:43:31.326+01:00  INFO 55377 --- [fullstack-project] [           main] j.LocalContainerEntityManagerFactoryBean : Initialized JPA EntityManagerFactory for persistence unit 'default'
2025-12-21T02:43:31.478+01:00  INFO 55377 --- [fullstack-project] [           main] o.s.d.j.r.query.QueryEnhancerFactory     : Hibernate is in classpath; If applicable, HQL parser will be used.
2025-12-21T02:43:31.996+01:00  WARN 55377 --- [fullstack-project] [           main] .s.s.UserDetailsServiceAutoConfiguration : 

Using generated security password: 3d8a5072-4885-477b-8bf6-c9ccf89c0c34

This generated password is for development use only. Your security configuration must be updated before running your application in production.

2025-12-21T02:43:31.999+01:00  INFO 55377 --- [fullstack-project] [           main] r$InitializeUserDetailsManagerConfigurer : Global AuthenticationManager configured with UserDetailsService bean with name inMemoryUserDetailsManager
2025-12-21T02:43:32.192+01:00  INFO 55377 --- [fullstack-project] [           main] o.s.b.w.embedded.tomcat.TomcatWebServer  : Tomcat started on port 8080 (http) with context path '/'
2025-12-21T02:43:32.197+01:00  INFO 55377 --- [fullstack-project] [           main] be.ucll.fs.project.Application           : Started Application in 2.764 seconds (process running for 2.888)
Hibernate: 
    select
        count(*) 
    from
        cities c1_0
Hibernate: 
    insert 
    into
        cities
        (country, name, region) 
    values
        (?, ?, ?)
Hibernate: 
    insert 
    into
        cities
        (country, name, region) 
    values
        (?, ?, ?)
Hibernate: 
    insert 
    into
        cities
        (country, name, region) 
    values
        (?, ?, ?)
Hibernate: 
    insert 
    into
        cities
        (country, name, region) 
    values
        (?, ?, ?)
Hibernate: 
    insert 
    into
        cities
        (country, name, region) 
    values
        (?, ?, ?)
Hibernate: 
    insert 
    into
        cities
        (country, name, region) 
    values
        (?, ?, ?)
Hibernate: 
    insert 
    into
        users
        (city_id, event_preference, "location", name, "password", preferred_city_id, role) 
    values
        (?, ?, ?, ?, ?, ?, ?)
Hibernate: 
    insert 
    into
        users
        (city_id, event_preference, "location", name, "password", preferred_city_id, role) 
    values
        (?, ?, ?, ?, ?, ?, ?)
Hibernate: 
    insert 
    into
        users
        (city_id, event_preference, "location", name, "password", preferred_city_id, role) 
    values
        (?, ?, ?, ?, ?, ?, ?)
Hibernate: 
    insert 
    into
        users
        (city_id, event_preference, "location", name, "password", preferred_city_id, role) 
    values
        (?, ?, ?, ?, ?, ?, ?)
Hibernate: 
    insert 
    into
        users
        (city_id, event_preference, "location", name, "password", preferred_city_id, role) 
    values
        (?, ?, ?, ?, ?, ?, ?)
Hibernate: 
    insert 
    into
        users
        (city_id, event_preference, "location", name, "password", preferred_city_id, role) 
    values
        (?, ?, ?, ?, ?, ?, ?)
Hibernate: 
    insert 
    into
        users
        (city_id, event_preference, "location", name, "password", preferred_city_id, role) 
    values
        (?, ?, ?, ?, ?, ?, ?)
Hibernate: 
    insert 
    into
        venues
        (address, capacity, city_id, name) 
    values
        (?, ?, ?, ?)
Hibernate: 
    insert 
    into
        venues
        (address, capacity, city_id, name) 
    values
        (?, ?, ?, ?)
Hibernate: 
    insert 
    into
        venues
        (address, capacity, city_id, name) 
    values
        (?, ?, ?, ?)
Hibernate: 
    insert 
    into
        venues
        (address, capacity, city_id, name) 
    values
        (?, ?, ?, ?)
Hibernate: 
    insert 
    into
        venues
        (address, capacity, city_id, name) 
    values
        (?, ?, ?, ?)
Hibernate: 
    insert 
    into
        venues
        (address, capacity, city_id, name) 
    values
        (?, ?, ?, ?)
Hibernate: 
    insert 
    into
        venues
        (address, capacity, city_id, name) 
    values
        (?, ?, ?, ?)
Hibernate: 
    insert 
    into
        venues
        (address, capacity, city_id, name) 
    values
        (?, ?, ?, ?)
Hibernate: 
    insert 
    into
        venues
        (address, capacity, city_id, name) 
    values
        (?, ?, ?, ?)
Hibernate: 
    insert 
    into
        venues
        (address, capacity, city_id, name) 
    values
        (?, ?, ?, ?)
Hibernate: 
    insert 
    into
        venues
        (address, capacity, city_id, name) 
    values
        (?, ?, ?, ?)
Hibernate: 
    insert 
    into
        venues
        (address, capacity, city_id, name) 
    values
        (?, ?, ?, ?)
Hibernate: 
    insert 
    into
        venues
        (address, capacity, city_id, name) 
    values
        (?, ?, ?, ?)
Hibernate: 
    insert 
    into
        venues
        (address, capacity, city_id, name) 
    values
        (?, ?, ?, ?)
Hibernate: 
    insert 
    into
        venues
        (address, capacity, city_id, name) 
    values
        (?, ?, ?, ?)
Hibernate: 
    insert 
    into
        venues
        (address, capacity, city_id, name) 
    values
        (?, ?, ?, ?)
Hibernate: 
    insert 
    into
        venues
        (address, capacity, city_id, name) 
    values
        (?, ?, ?, ?)
Hibernate: 
    insert 
    into
        venues
        (address, capacity, city_id, name) 
    values
        (?, ?, ?, ?)
Hibernate: 
    insert 
    into
        venues
        (address, capacity, city_id, name) 
    values
        (?, ?, ?, ?)
Hibernate: 
    insert 
    into
        venues
        (address, capacity, city_id, name) 
    values
        (?, ?, ?, ?)
Hibernate: 
    insert 
    into
        venues
        (address, capacity, city_id, name) 
    values
        (?, ?, ?, ?)
Hibernate: 
    insert 
    into
        venues
        (address, capacity, city_id, name) 
    values
        (?, ?, ?, ?)
Hibernate: 
    insert 
    into
        events
        (available_tickets, end_time, event_date, start_time, title) 
    values
        (?, ?, ?, ?, ?)
Hibernate: 
    insert 
    into
        event_venues
        (event_id, venue_id) 
    values
        (?, ?)
Hibernate: 
    insert 
    into
        events
        (available_tickets, end_time, event_date, start_time, title) 
    values
        (?, ?, ?, ?, ?)
Hibernate: 
    insert 
    into
        event_venues
        (event_id, venue_id) 
    values
        (?, ?)
Hibernate: 
    insert 
    into
        events
        (available_tickets, end_time, event_date, start_time, title) 
    values
        (?, ?, ?, ?, ?)
Hibernate: 
    insert 
    into
        event_venues
        (event_id, venue_id) 
    values
        (?, ?)
Hibernate: 
    insert 
    into
        events
        (available_tickets, end_time, event_date, start_time, title) 
    values
        (?, ?, ?, ?, ?)
Hibernate: 
    insert 
    into
        event_venues
        (event_id, venue_id) 
    values
        (?, ?)
Hibernate: 
    insert 
    into
        events
        (available_tickets, end_time, event_date, start_time, title) 
    values
        (?, ?, ?, ?, ?)
Hibernate: 
    insert 
    into
        event_venues
        (event_id, venue_id) 
    values
        (?, ?)
Hibernate: 
    insert 
    into
        events
        (available_tickets, end_time, event_date, start_time, title) 
    values
        (?, ?, ?, ?, ?)
Hibernate: 
    insert 
    into
        event_venues
        (event_id, venue_id) 
    values
        (?, ?)
Hibernate: 
    insert 
    into
        events
        (available_tickets, end_time, event_date, start_time, title) 
    values
        (?, ?, ?, ?, ?)
Hibernate: 
    insert 
    into
        event_venues
        (event_id, venue_id) 
    values
        (?, ?)
Hibernate: 
    insert 
    into
        events
        (available_tickets, end_time, event_date, start_time, title) 
    values
        (?, ?, ?, ?, ?)
Hibernate: 
    insert 
    into
        event_venues
        (event_id, venue_id) 
    values
        (?, ?)
Hibernate: 
    insert 
    into
        events
        (available_tickets, end_time, event_date, start_time, title) 
    values
        (?, ?, ?, ?, ?)
Hibernate: 
    insert 
    into
        event_venues
        (event_id, venue_id) 
    values
        (?, ?)
Hibernate: 
    insert 
    into
        events
        (available_tickets, end_time, event_date, start_time, title) 
    values
        (?, ?, ?, ?, ?)
Hibernate: 
    insert 
    into
        event_venues
        (event_id, venue_id) 
    values
        (?, ?)
Hibernate: 
    insert 
    into
        events
        (available_tickets, end_time, event_date, start_time, title) 
    values
        (?, ?, ?, ?, ?)
Hibernate: 
    insert 
    into
        event_venues
        (event_id, venue_id) 
    values
        (?, ?)
Hibernate: 
    insert 
    into
        events
        (available_tickets, end_time, event_date, start_time, title) 
    values
        (?, ?, ?, ?, ?)
Hibernate: 
    insert 
    into
        event_venues
        (event_id, venue_id) 
    values
        (?, ?)
Hibernate: 
    insert 
    into
        events
        (available_tickets, end_time, event_date, start_time, title) 
    values
        (?, ?, ?, ?, ?)
Hibernate: 
    insert 
    into
        event_venues
        (event_id, venue_id) 
    values
        (?, ?)
Hibernate: 
    insert 
    into
        events
        (available_tickets, end_time, event_date, start_time, title) 
    values
        (?, ?, ?, ?, ?)
Hibernate: 
    insert 
    into
        event_venues
        (event_id, venue_id) 
    values
        (?, ?)
Hibernate: 
    insert 
    into
        events
        (available_tickets, end_time, event_date, start_time, title) 
    values
        (?, ?, ?, ?, ?)
Hibernate: 
    insert 
    into
        event_venues
        (event_id, venue_id) 
    values
        (?, ?)
Hibernate: 
    insert 
    into
        events
        (available_tickets, end_time, event_date, start_time, title) 
    values
        (?, ?, ?, ?, ?)
Hibernate: 
    insert 
    into
        event_venues
        (event_id, venue_id) 
    values
        (?, ?)
Hibernate: 
    insert 
    into
        events
        (available_tickets, end_time, event_date, start_time, title) 
    values
        (?, ?, ?, ?, ?)
Hibernate: 
    insert 
    into
        event_venues
        (event_id, venue_id) 
    values
        (?, ?)
Hibernate: 
    insert 
    into
        events
        (available_tickets, end_time, event_date, start_time, title) 
    values
        (?, ?, ?, ?, ?)
Hibernate: 
    insert 
    into
        event_venues
        (event_id, venue_id) 
    values
        (?, ?)
Hibernate: 
    insert 
    into
        events
        (available_tickets, end_time, event_date, start_time, title) 
    values
        (?, ?, ?, ?, ?)
Hibernate: 
    insert 
    into
        event_venues
        (event_id, venue_id) 
    values
        (?, ?)
Hibernate: 
    insert 
    into
        events
        (available_tickets, end_time, event_date, start_time, title) 
    values
        (?, ?, ?, ?, ?)
Hibernate: 
    insert 
    into
        event_venues
        (event_id, venue_id) 
    values
        (?, ?)
Hibernate: 
    insert 
    into
        events
        (available_tickets, end_time, event_date, start_time, title) 
    values
        (?, ?, ?, ?, ?)
Hibernate: 
    insert 
    into
        event_venues
        (event_id, venue_id) 
    values
        (?, ?)
Hibernate: 
    insert 
    into
        events
        (available_tickets, end_time, event_date, start_time, title) 
    values
        (?, ?, ?, ?, ?)
Hibernate: 
    insert 
    into
        event_venues
        (event_id, venue_id) 
    values
        (?, ?)
Hibernate: 
    insert 
    into
        events
        (available_tickets, end_time, event_date, start_time, title) 
    values
        (?, ?, ?, ?, ?)
Hibernate: 
    insert 
    into
        event_venues
        (event_id, venue_id) 
    values
        (?, ?)
Hibernate: 
    insert 
    into
        events
        (available_tickets, end_time, event_date, start_time, title) 
    values
        (?, ?, ?, ?, ?)
Hibernate: 
    insert 
    into
        event_venues
        (event_id, venue_id) 
    values
        (?, ?)
Hibernate: 
    insert 
    into
        events
        (available_tickets, end_time, event_date, start_time, title) 
    values
        (?, ?, ?, ?, ?)
Hibernate: 
    insert 
    into
        event_venues
        (event_id, venue_id) 
    values
        (?, ?)
Hibernate: 
    insert 
    into
        events
        (available_tickets, end_time, event_date, start_time, title) 
    values
        (?, ?, ?, ?, ?)
Hibernate: 
    insert 
    into
        event_venues
        (event_id, venue_id) 
    values
        (?, ?)
Hibernate: 
    insert 
    into
        events
        (available_tickets, end_time, event_date, start_time, title) 
    values
        (?, ?, ?, ?, ?)
Hibernate: 
    insert 
    into
        event_venues
        (event_id, venue_id) 
    values
        (?, ?)
Hibernate: 
    insert 
    into
        events
        (available_tickets, end_time, event_date, start_time, title) 
    values
        (?, ?, ?, ?, ?)
Hibernate: 
    insert 
    into
        event_venues
        (event_id, venue_id) 
    values
        (?, ?)
Hibernate: 
    insert 
    into
        events
        (available_tickets, end_time, event_date, start_time, title) 
    values
        (?, ?, ?, ?, ?)
Hibernate: 
    insert 
    into
        event_venues
        (event_id, venue_id) 
    values
        (?, ?)
Hibernate: 
    insert 
    into
        events
        (available_tickets, end_time, event_date, start_time, title) 
    values
        (?, ?, ?, ?, ?)
Hibernate: 
    insert 
    into
        event_venues
        (event_id, venue_id) 
    values
        (?, ?)
Hibernate: 
    insert 
    into
        events
        (available_tickets, end_time, event_date, start_time, title) 
    values
        (?, ?, ?, ?, ?)
Hibernate: 
    insert 
    into
        event_venues
        (event_id, venue_id) 
    values
        (?, ?)
Hibernate: 
    insert 
    into
        events
        (available_tickets, end_time, event_date, start_time, title) 
    values
        (?, ?, ?, ?, ?)
Hibernate: 
    insert 
    into
        event_venues
        (event_id, venue_id) 
    values
        (?, ?)
Hibernate: 
    insert 
    into
        events
        (available_tickets, end_time, event_date, start_time, title) 
    values
        (?, ?, ?, ?, ?)
Hibernate: 
    insert 
    into
        event_venues
        (event_id, venue_id) 
    values
        (?, ?)
Hibernate: 
    insert 
    into
        events
        (available_tickets, end_time, event_date, start_time, title) 
    values
        (?, ?, ?, ?, ?)
Hibernate: 
    insert 
    into
        event_venues
        (event_id, venue_id) 
    values
        (?, ?)
Hibernate: 
    insert 
    into
        events
        (available_tickets, end_time, event_date, start_time, title) 
    values
        (?, ?, ?, ?, ?)
Hibernate: 
    insert 
    into
        event_venues
        (event_id, venue_id) 
    values
        (?, ?)
Hibernate: 
    insert 
    into
        events
        (available_tickets, end_time, event_date, start_time, title) 
    values
        (?, ?, ?, ?, ?)
Hibernate: 
    insert 
    into
        event_venues
        (event_id, venue_id) 
    values
        (?, ?)
Hibernate: 
    insert 
    into
        events
        (available_tickets, end_time, event_date, start_time, title) 
    values
        (?, ?, ?, ?, ?)
Hibernate: 
    insert 
    into
        event_venues
        (event_id, venue_id) 
    values
        (?, ?)
Hibernate: 
    insert 
    into
        events
        (available_tickets, end_time, event_date, start_time, title) 
    values
        (?, ?, ?, ?, ?)
Hibernate: 
    insert 
    into
        event_venues
        (event_id, venue_id) 
    values
        (?, ?)
Hibernate: 
    insert 
    into
        events
        (available_tickets, end_time, event_date, start_time, title) 
    values
        (?, ?, ?, ?, ?)
Hibernate: 
    insert 
    into
        event_venues
        (event_id, venue_id) 
    values
        (?, ?)
Hibernate: 
    insert 
    into
        event_descriptions
        (event_id, event_type, extra_description, featured_artists, ticket_purchase_link) 
    values
        (?, ?, ?, ?, ?)
Hibernate: 
    insert 
    into
        event_descriptions
        (event_id, event_type, extra_description, featured_artists, ticket_purchase_link) 
    values
        (?, ?, ?, ?, ?)
Hibernate: 
    insert 
    into
        event_descriptions
        (event_id, event_type, extra_description, featured_artists, ticket_purchase_link) 
    values
        (?, ?, ?, ?, ?)
Hibernate: 
    insert 
    into
        event_descriptions
        (event_id, event_type, extra_description, featured_artists, ticket_purchase_link) 
    values
        (?, ?, ?, ?, ?)
Hibernate: 
    insert 
    into
        event_descriptions
        (event_id, event_type, extra_description, featured_artists, ticket_purchase_link) 
    values
        (?, ?, ?, ?, ?)
Hibernate: 
    insert 
    into
        event_descriptions
        (event_id, event_type, extra_description, featured_artists, ticket_purchase_link) 
    values
        (?, ?, ?, ?, ?)
Hibernate: 
    insert 
    into
        event_descriptions
        (event_id, event_type, extra_description, featured_artists, ticket_purchase_link) 
    values
        (?, ?, ?, ?, ?)
Hibernate: 
    insert 
    into
        event_descriptions
        (event_id, event_type, extra_description, featured_artists, ticket_purchase_link) 
    values
        (?, ?, ?, ?, ?)
Hibernate: 
    insert 
    into
        event_descriptions
        (event_id, event_type, extra_description, featured_artists, ticket_purchase_link) 
    values
        (?, ?, ?, ?, ?)
Hibernate: 
    insert 
    into
        event_descriptions
        (event_id, event_type, extra_description, featured_artists, ticket_purchase_link) 
    values
        (?, ?, ?, ?, ?)
Hibernate: 
    insert 
    into
        event_descriptions
        (event_id, event_type, extra_description, featured_artists, ticket_purchase_link) 
    values
        (?, ?, ?, ?, ?)
Hibernate: 
    insert 
    into
        event_descriptions
        (event_id, event_type, extra_description, featured_artists, ticket_purchase_link) 
    values
        (?, ?, ?, ?, ?)
Hibernate: 
    insert 
    into
        event_descriptions
        (event_id, event_type, extra_description, featured_artists, ticket_purchase_link) 
    values
        (?, ?, ?, ?, ?)
Hibernate: 
    insert 
    into
        event_descriptions
        (event_id, event_type, extra_description, featured_artists, ticket_purchase_link) 
    values
        (?, ?, ?, ?, ?)
Hibernate: 
    insert 
    into
        event_descriptions
        (event_id, event_type, extra_description, featured_artists, ticket_purchase_link) 
    values
        (?, ?, ?, ?, ?)
Hibernate: 
    insert 
    into
        event_descriptions
        (event_id, event_type, extra_description, featured_artists, ticket_purchase_link) 
    values
        (?, ?, ?, ?, ?)
Hibernate: 
    insert 
    into
        event_descriptions
        (event_id, event_type, extra_description, featured_artists, ticket_purchase_link) 
    values
        (?, ?, ?, ?, ?)
Hibernate: 
    insert 
    into
        event_descriptions
        (event_id, event_type, extra_description, featured_artists, ticket_purchase_link) 
    values
        (?, ?, ?, ?, ?)
Hibernate: 
    insert 
    into
        event_descriptions
        (event_id, event_type, extra_description, featured_artists, ticket_purchase_link) 
    values
        (?, ?, ?, ?, ?)
Hibernate: 
    insert 
    into
        event_descriptions
        (event_id, event_type, extra_description, featured_artists, ticket_purchase_link) 
    values
        (?, ?, ?, ?, ?)
Hibernate: 
    insert 
    into
        event_descriptions
        (event_id, event_type, extra_description, featured_artists, ticket_purchase_link) 
    values
        (?, ?, ?, ?, ?)
Hibernate: 
    insert 
    into
        event_descriptions
        (event_id, event_type, extra_description, featured_artists, ticket_purchase_link) 
    values
        (?, ?, ?, ?, ?)
Hibernate: 
    insert 
    into
        event_descriptions
        (event_id, event_type, extra_description, featured_artists, ticket_purchase_link) 
    values
        (?, ?, ?, ?, ?)
Hibernate: 
    insert 
    into
        event_descriptions
        (event_id, event_type, extra_description, featured_artists, ticket_purchase_link) 
    values
        (?, ?, ?, ?, ?)
Hibernate: 
    insert 
    into
        event_descriptions
        (event_id, event_type, extra_description, featured_artists, ticket_purchase_link) 
    values
        (?, ?, ?, ?, ?)
Hibernate: 
    insert 
    into
        event_descriptions
        (event_id, event_type, extra_description, featured_artists, ticket_purchase_link) 
    values
        (?, ?, ?, ?, ?)
Hibernate: 
    insert 
    into
        event_descriptions
        (event_id, event_type, extra_description, featured_artists, ticket_purchase_link) 
    values
        (?, ?, ?, ?, ?)
Hibernate: 
    insert 
    into
        event_descriptions
        (event_id, event_type, extra_description, featured_artists, ticket_purchase_link) 
    values
        (?, ?, ?, ?, ?)
Hibernate: 
    insert 
    into
        event_descriptions
        (event_id, event_type, extra_description, featured_artists, ticket_purchase_link) 
    values
        (?, ?, ?, ?, ?)
Hibernate: 
    insert 
    into
        event_descriptions
        (event_id, event_type, extra_description, featured_artists, ticket_purchase_link) 
    values
        (?, ?, ?, ?, ?)
Hibernate: 
    insert 
    into
        event_descriptions
        (event_id, event_type, extra_description, featured_artists, ticket_purchase_link) 
    values
        (?, ?, ?, ?, ?)
Hibernate: 
    insert 
    into
        event_descriptions
        (event_id, event_type, extra_description, featured_artists, ticket_purchase_link) 
    values
        (?, ?, ?, ?, ?)
Hibernate: 
    insert 
    into
        event_descriptions
        (event_id, event_type, extra_description, featured_artists, ticket_purchase_link) 
    values
        (?, ?, ?, ?, ?)
Hibernate: 
    insert 
    into
        event_descriptions
        (event_id, event_type, extra_description, featured_artists, ticket_purchase_link) 
    values
        (?, ?, ?, ?, ?)
Hibernate: 
    insert 
    into
        event_descriptions
        (event_id, event_type, extra_description, featured_artists, ticket_purchase_link) 
    values
        (?, ?, ?, ?, ?)
Hibernate: 
    insert 
    into
        event_descriptions
        (event_id, event_type, extra_description, featured_artists, ticket_purchase_link) 
    values
        (?, ?, ?, ?, ?)
Hibernate: 
    insert 
    into
        event_descriptions
        (event_id, event_type, extra_description, featured_artists, ticket_purchase_link) 
    values
        (?, ?, ?, ?, ?)
Hibernate: 
    insert 
    into
        event_descriptions
        (event_id, event_type, extra_description, featured_artists, ticket_purchase_link) 
    values
        (?, ?, ?, ?, ?)
Hibernate: 
    insert 
    into
        event_descriptions
        (event_id, event_type, extra_description, featured_artists, ticket_purchase_link) 
    values
        (?, ?, ?, ?, ?)
Hibernate: 
    select
        e1_0.event_id,
        e1_0.available_tickets,
        e1_0.end_time,
        e1_0.event_date,
        ed1_0.description_id,
        ed1_0.event_id,
        ed1_0.event_type,
        ed1_0.extra_description,
        ed1_0.featured_artists,
        ed1_0.ticket_purchase_link,
        e1_0.start_time,
        e1_0.title 
    from
        events e1_0 
    left join
        event_descriptions ed1_0 
            on e1_0.event_id=ed1_0.event_id 
    where
        e1_0.event_id=?
Hibernate: 
    select
        v1_0.event_id,
        v1_1.venue_id,
        v1_1.address,
        v1_1.capacity,
        v1_1.city_id,
        c1_0.city_id,
        c1_0.country,
        c1_0.name,
        c1_0.region,
        v1_1.name 
    from
        event_venues v1_0 
    join
        venues v1_1 
            on v1_1.venue_id=v1_0.venue_id 
    left join
        cities c1_0 
            on c1_0.city_id=v1_1.city_id 
    where
        v1_0.event_id=?
Hibernate: 
    select
        e1_0.event_id,
        e1_0.available_tickets,
        e1_0.end_time,
        e1_0.event_date,
        ed1_0.description_id,
        ed1_0.event_id,
        ed1_0.event_type,
        ed1_0.extra_description,
        ed1_0.featured_artists,
        ed1_0.ticket_purchase_link,
        e1_0.start_time,
        e1_0.title 
    from
        events e1_0 
    left join
        event_descriptions ed1_0 
            on e1_0.event_id=ed1_0.event_id 
    where
        e1_0.event_id=?
Hibernate: 
    select
        v1_0.event_id,
        v1_1.venue_id,
        v1_1.address,
        v1_1.capacity,
        v1_1.city_id,
        c1_0.city_id,
        c1_0.country,
        c1_0.name,
        c1_0.region,
        v1_1.name 
    from
        event_venues v1_0 
    join
        venues v1_1 
            on v1_1.venue_id=v1_0.venue_id 
    left join
        cities c1_0 
            on c1_0.city_id=v1_1.city_id 
    where
        v1_0.event_id=?
Hibernate: 
    select
        e1_0.event_id,
        e1_0.available_tickets,
        e1_0.end_time,
        e1_0.event_date,
        ed1_0.description_id,
        ed1_0.event_id,
        ed1_0.event_type,
        ed1_0.extra_description,
        ed1_0.featured_artists,
        ed1_0.ticket_purchase_link,
        e1_0.start_time,
        e1_0.title 
    from
        events e1_0 
    left join
        event_descriptions ed1_0 
            on e1_0.event_id=ed1_0.event_id 
    where
        e1_0.event_id=?
Hibernate: 
    select
        v1_0.event_id,
        v1_1.venue_id,
        v1_1.address,
        v1_1.capacity,
        v1_1.city_id,
        c1_0.city_id,
        c1_0.country,
        c1_0.name,
        c1_0.region,
        v1_1.name 
    from
        event_venues v1_0 
    join
        venues v1_1 
            on v1_1.venue_id=v1_0.venue_id 
    left join
        cities c1_0 
            on c1_0.city_id=v1_1.city_id 
    where
        v1_0.event_id=?
Hibernate: 
    select
        e1_0.event_id,
        e1_0.available_tickets,
        e1_0.end_time,
        e1_0.event_date,
        ed1_0.description_id,
        ed1_0.event_id,
        ed1_0.event_type,
        ed1_0.extra_description,
        ed1_0.featured_artists,
        ed1_0.ticket_purchase_link,
        e1_0.start_time,
        e1_0.title 
    from
        events e1_0 
    left join
        event_descriptions ed1_0 
            on e1_0.event_id=ed1_0.event_id 
    where
        e1_0.event_id=?
Hibernate: 
    select
        v1_0.event_id,
        v1_1.venue_id,
        v1_1.address,
        v1_1.capacity,
        v1_1.city_id,
        c1_0.city_id,
        c1_0.country,
        c1_0.name,
        c1_0.region,
        v1_1.name 
    from
        event_venues v1_0 
    join
        venues v1_1 
            on v1_1.venue_id=v1_0.venue_id 
    left join
        cities c1_0 
            on c1_0.city_id=v1_1.city_id 
    where
        v1_0.event_id=?
Hibernate: 
    select
        e1_0.event_id,
        e1_0.available_tickets,
        e1_0.end_time,
        e1_0.event_date,
        ed1_0.description_id,
        ed1_0.event_id,
        ed1_0.event_type,
        ed1_0.extra_description,
        ed1_0.featured_artists,
        ed1_0.ticket_purchase_link,
        e1_0.start_time,
        e1_0.title 
    from
        events e1_0 
    left join
        event_descriptions ed1_0 
            on e1_0.event_id=ed1_0.event_id 
    where
        e1_0.event_id=?
Hibernate: 
    select
        v1_0.event_id,
        v1_1.venue_id,
        v1_1.address,
        v1_1.capacity,
        v1_1.city_id,
        c1_0.city_id,
        c1_0.country,
        c1_0.name,
        c1_0.region,
        v1_1.name 
    from
        event_venues v1_0 
    join
        venues v1_1 
            on v1_1.venue_id=v1_0.venue_id 
    left join
        cities c1_0 
            on c1_0.city_id=v1_1.city_id 
    where
        v1_0.event_id=?
Hibernate: 
    select
        e1_0.event_id,
        e1_0.available_tickets,
        e1_0.end_time,
        e1_0.event_date,
        ed1_0.description_id,
        ed1_0.event_id,
        ed1_0.event_type,
        ed1_0.extra_description,
        ed1_0.featured_artists,
        ed1_0.ticket_purchase_link,
        e1_0.start_time,
        e1_0.title 
    from
        events e1_0 
    left join
        event_descriptions ed1_0 
            on e1_0.event_id=ed1_0.event_id 
    where
        e1_0.event_id=?
Hibernate: 
    select
        v1_0.event_id,
        v1_1.venue_id,
        v1_1.address,
        v1_1.capacity,
        v1_1.city_id,
        c1_0.city_id,
        c1_0.country,
        c1_0.name,
        c1_0.region,
        v1_1.name 
    from
        event_venues v1_0 
    join
        venues v1_1 
            on v1_1.venue_id=v1_0.venue_id 
    left join
        cities c1_0 
            on c1_0.city_id=v1_1.city_id 
    where
        v1_0.event_id=?
Hibernate: 
    select
        e1_0.event_id,
        e1_0.available_tickets,
        e1_0.end_time,
        e1_0.event_date,
        ed1_0.description_id,
        ed1_0.event_id,
        ed1_0.event_type,
        ed1_0.extra_description,
        ed1_0.featured_artists,
        ed1_0.ticket_purchase_link,
        e1_0.start_time,
        e1_0.title 
    from
        events e1_0 
    left join
        event_descriptions ed1_0 
            on e1_0.event_id=ed1_0.event_id 
    where
        e1_0.event_id=?
Hibernate: 
    select
        v1_0.event_id,
        v1_1.venue_id,
        v1_1.address,
        v1_1.capacity,
        v1_1.city_id,
        c1_0.city_id,
        c1_0.country,
        c1_0.name,
        c1_0.region,
        v1_1.name 
    from
        event_venues v1_0 
    join
        venues v1_1 
            on v1_1.venue_id=v1_0.venue_id 
    left join
        cities c1_0 
            on c1_0.city_id=v1_1.city_id 
    where
        v1_0.event_id=?
Hibernate: 
    select
        e1_0.event_id,
        e1_0.available_tickets,
        e1_0.end_time,
        e1_0.event_date,
        ed1_0.description_id,
        ed1_0.event_id,
        ed1_0.event_type,
        ed1_0.extra_description,
        ed1_0.featured_artists,
        ed1_0.ticket_purchase_link,
        e1_0.start_time,
        e1_0.title 
    from
        events e1_0 
    left join
        event_descriptions ed1_0 
            on e1_0.event_id=ed1_0.event_id 
    where
        e1_0.event_id=?
Hibernate: 
    select
        v1_0.event_id,
        v1_1.venue_id,
        v1_1.address,
        v1_1.capacity,
        v1_1.city_id,
        c1_0.city_id,
        c1_0.country,
        c1_0.name,
        c1_0.region,
        v1_1.name 
    from
        event_venues v1_0 
    join
        venues v1_1 
            on v1_1.venue_id=v1_0.venue_id 
    left join
        cities c1_0 
            on c1_0.city_id=v1_1.city_id 
    where
        v1_0.event_id=?
Hibernate: 
    select
        e1_0.event_id,
        e1_0.available_tickets,
        e1_0.end_time,
        e1_0.event_date,
        ed1_0.description_id,
        ed1_0.event_id,
        ed1_0.event_type,
        ed1_0.extra_description,
        ed1_0.featured_artists,
        ed1_0.ticket_purchase_link,
        e1_0.start_time,
        e1_0.title 
    from
        events e1_0 
    left join
        event_descriptions ed1_0 
            on e1_0.event_id=ed1_0.event_id 
    where
        e1_0.event_id=?
Hibernate: 
    select
        v1_0.event_id,
        v1_1.venue_id,
        v1_1.address,
        v1_1.capacity,
        v1_1.city_id,
        c1_0.city_id,
        c1_0.country,
        c1_0.name,
        c1_0.region,
        v1_1.name 
    from
        event_venues v1_0 
    join
        venues v1_1 
            on v1_1.venue_id=v1_0.venue_id 
    left join
        cities c1_0 
            on c1_0.city_id=v1_1.city_id 
    where
        v1_0.event_id=?
Hibernate: 
    select
        e1_0.event_id,
        e1_0.available_tickets,
        e1_0.end_time,
        e1_0.event_date,
        ed1_0.description_id,
        ed1_0.event_id,
        ed1_0.event_type,
        ed1_0.extra_description,
        ed1_0.featured_artists,
        ed1_0.ticket_purchase_link,
        e1_0.start_time,
        e1_0.title 
    from
        events e1_0 
    left join
        event_descriptions ed1_0 
            on e1_0.event_id=ed1_0.event_id 
    where
        e1_0.event_id=?
Hibernate: 
    select
        v1_0.event_id,
        v1_1.venue_id,
        v1_1.address,
        v1_1.capacity,
        v1_1.city_id,
        c1_0.city_id,
        c1_0.country,
        c1_0.name,
        c1_0.region,
        v1_1.name 
    from
        event_venues v1_0 
    join
        venues v1_1 
            on v1_1.venue_id=v1_0.venue_id 
    left join
        cities c1_0 
            on c1_0.city_id=v1_1.city_id 
    where
        v1_0.event_id=?
Hibernate: 
    select
        e1_0.event_id,
        e1_0.available_tickets,
        e1_0.end_time,
        e1_0.event_date,
        ed1_0.description_id,
        ed1_0.event_id,
        ed1_0.event_type,
        ed1_0.extra_description,
        ed1_0.featured_artists,
        ed1_0.ticket_purchase_link,
        e1_0.start_time,
        e1_0.title 
    from
        events e1_0 
    left join
        event_descriptions ed1_0 
            on e1_0.event_id=ed1_0.event_id 
    where
        e1_0.event_id=?
Hibernate: 
    select
        v1_0.event_id,
        v1_1.venue_id,
        v1_1.address,
        v1_1.capacity,
        v1_1.city_id,
        c1_0.city_id,
        c1_0.country,
        c1_0.name,
        c1_0.region,
        v1_1.name 
    from
        event_venues v1_0 
    join
        venues v1_1 
            on v1_1.venue_id=v1_0.venue_id 
    left join
        cities c1_0 
            on c1_0.city_id=v1_1.city_id 
    where
        v1_0.event_id=?
Hibernate: 
    select
        e1_0.event_id,
        e1_0.available_tickets,
        e1_0.end_time,
        e1_0.event_date,
        ed1_0.description_id,
        ed1_0.event_id,
        ed1_0.event_type,
        ed1_0.extra_description,
        ed1_0.featured_artists,
        ed1_0.ticket_purchase_link,
        e1_0.start_time,
        e1_0.title 
    from
        events e1_0 
    left join
        event_descriptions ed1_0 
            on e1_0.event_id=ed1_0.event_id 
    where
        e1_0.event_id=?
Hibernate: 
    select
        v1_0.event_id,
        v1_1.venue_id,
        v1_1.address,
        v1_1.capacity,
        v1_1.city_id,
        c1_0.city_id,
        c1_0.country,
        c1_0.name,
        c1_0.region,
        v1_1.name 
    from
        event_venues v1_0 
    join
        venues v1_1 
            on v1_1.venue_id=v1_0.venue_id 
    left join
        cities c1_0 
            on c1_0.city_id=v1_1.city_id 
    where
        v1_0.event_id=?
Hibernate: 
    select
        e1_0.event_id,
        e1_0.available_tickets,
        e1_0.end_time,
        e1_0.event_date,
        ed1_0.description_id,
        ed1_0.event_id,
        ed1_0.event_type,
        ed1_0.extra_description,
        ed1_0.featured_artists,
        ed1_0.ticket_purchase_link,
        e1_0.start_time,
        e1_0.title 
    from
        events e1_0 
    left join
        event_descriptions ed1_0 
            on e1_0.event_id=ed1_0.event_id 
    where
        e1_0.event_id=?
Hibernate: 
    select
        v1_0.event_id,
        v1_1.venue_id,
        v1_1.address,
        v1_1.capacity,
        v1_1.city_id,
        c1_0.city_id,
        c1_0.country,
        c1_0.name,
        c1_0.region,
        v1_1.name 
    from
        event_venues v1_0 
    join
        venues v1_1 
            on v1_1.venue_id=v1_0.venue_id 
    left join
        cities c1_0 
            on c1_0.city_id=v1_1.city_id 
    where
        v1_0.event_id=?
Hibernate: 
    select
        e1_0.event_id,
        e1_0.available_tickets,
        e1_0.end_time,
        e1_0.event_date,
        ed1_0.description_id,
        ed1_0.event_id,
        ed1_0.event_type,
        ed1_0.extra_description,
        ed1_0.featured_artists,
        ed1_0.ticket_purchase_link,
        e1_0.start_time,
        e1_0.title 
    from
        events e1_0 
    left join
        event_descriptions ed1_0 
            on e1_0.event_id=ed1_0.event_id 
    where
        e1_0.event_id=?
Hibernate: 
    select
        v1_0.event_id,
        v1_1.venue_id,
        v1_1.address,
        v1_1.capacity,
        v1_1.city_id,
        c1_0.city_id,
        c1_0.country,
        c1_0.name,
        c1_0.region,
        v1_1.name 
    from
        event_venues v1_0 
    join
        venues v1_1 
            on v1_1.venue_id=v1_0.venue_id 
    left join
        cities c1_0 
            on c1_0.city_id=v1_1.city_id 
    where
        v1_0.event_id=?
Hibernate: 
    select
        e1_0.event_id,
        e1_0.available_tickets,
        e1_0.end_time,
        e1_0.event_date,
        ed1_0.description_id,
        ed1_0.event_id,
        ed1_0.event_type,
        ed1_0.extra_description,
        ed1_0.featured_artists,
        ed1_0.ticket_purchase_link,
        e1_0.start_time,
        e1_0.title 
    from
        events e1_0 
    left join
        event_descriptions ed1_0 
            on e1_0.event_id=ed1_0.event_id 
    where
        e1_0.event_id=?
Hibernate: 
    select
        v1_0.event_id,
        v1_1.venue_id,
        v1_1.address,
        v1_1.capacity,
        v1_1.city_id,
        c1_0.city_id,
        c1_0.country,
        c1_0.name,
        c1_0.region,
        v1_1.name 
    from
        event_venues v1_0 
    join
        venues v1_1 
            on v1_1.venue_id=v1_0.venue_id 
    left join
        cities c1_0 
            on c1_0.city_id=v1_1.city_id 
    where
        v1_0.event_id=?
Hibernate: 
    select
        e1_0.event_id,
        e1_0.available_tickets,
        e1_0.end_time,
        e1_0.event_date,
        ed1_0.description_id,
        ed1_0.event_id,
        ed1_0.event_type,
        ed1_0.extra_description,
        ed1_0.featured_artists,
        ed1_0.ticket_purchase_link,
        e1_0.start_time,
        e1_0.title 
    from
        events e1_0 
    left join
        event_descriptions ed1_0 
            on e1_0.event_id=ed1_0.event_id 
    where
        e1_0.event_id=?
Hibernate: 
    select
        v1_0.event_id,
        v1_1.venue_id,
        v1_1.address,
        v1_1.capacity,
        v1_1.city_id,
        c1_0.city_id,
        c1_0.country,
        c1_0.name,
        c1_0.region,
        v1_1.name 
    from
        event_venues v1_0 
    join
        venues v1_1 
            on v1_1.venue_id=v1_0.venue_id 
    left join
        cities c1_0 
            on c1_0.city_id=v1_1.city_id 
    where
        v1_0.event_id=?
Hibernate: 
    select
        e1_0.event_id,
        e1_0.available_tickets,
        e1_0.end_time,
        e1_0.event_date,
        ed1_0.description_id,
        ed1_0.event_id,
        ed1_0.event_type,
        ed1_0.extra_description,
        ed1_0.featured_artists,
        ed1_0.ticket_purchase_link,
        e1_0.start_time,
        e1_0.title 
    from
        events e1_0 
    left join
        event_descriptions ed1_0 
            on e1_0.event_id=ed1_0.event_id 
    where
        e1_0.event_id=?
Hibernate: 
    select
        v1_0.event_id,
        v1_1.venue_id,
        v1_1.address,
        v1_1.capacity,
        v1_1.city_id,
        c1_0.city_id,
        c1_0.country,
        c1_0.name,
        c1_0.region,
        v1_1.name 
    from
        event_venues v1_0 
    join
        venues v1_1 
            on v1_1.venue_id=v1_0.venue_id 
    left join
        cities c1_0 
            on c1_0.city_id=v1_1.city_id 
    where
        v1_0.event_id=?
Hibernate: 
    select
        e1_0.event_id,
        e1_0.available_tickets,
        e1_0.end_time,
        e1_0.event_date,
        ed1_0.description_id,
        ed1_0.event_id,
        ed1_0.event_type,
        ed1_0.extra_description,
        ed1_0.featured_artists,
        ed1_0.ticket_purchase_link,
        e1_0.start_time,
        e1_0.title 
    from
        events e1_0 
    left join
        event_descriptions ed1_0 
            on e1_0.event_id=ed1_0.event_id 
    where
        e1_0.event_id=?
Hibernate: 
    select
        v1_0.event_id,
        v1_1.venue_id,
        v1_1.address,
        v1_1.capacity,
        v1_1.city_id,
        c1_0.city_id,
        c1_0.country,
        c1_0.name,
        c1_0.region,
        v1_1.name 
    from
        event_venues v1_0 
    join
        venues v1_1 
            on v1_1.venue_id=v1_0.venue_id 
    left join
        cities c1_0 
            on c1_0.city_id=v1_1.city_id 
    where
        v1_0.event_id=?
Hibernate: 
    select
        e1_0.event_id,
        e1_0.available_tickets,
        e1_0.end_time,
        e1_0.event_date,
        ed1_0.description_id,
        ed1_0.event_id,
        ed1_0.event_type,
        ed1_0.extra_description,
        ed1_0.featured_artists,
        ed1_0.ticket_purchase_link,
        e1_0.start_time,
        e1_0.title 
    from
        events e1_0 
    left join
        event_descriptions ed1_0 
            on e1_0.event_id=ed1_0.event_id 
    where
        e1_0.event_id=?
Hibernate: 
    select
        v1_0.event_id,
        v1_1.venue_id,
        v1_1.address,
        v1_1.capacity,
        v1_1.city_id,
        c1_0.city_id,
        c1_0.country,
        c1_0.name,
        c1_0.region,
        v1_1.name 
    from
        event_venues v1_0 
    join
        venues v1_1 
            on v1_1.venue_id=v1_0.venue_id 
    left join
        cities c1_0 
            on c1_0.city_id=v1_1.city_id 
    where
        v1_0.event_id=?
Hibernate: 
    select
        e1_0.event_id,
        e1_0.available_tickets,
        e1_0.end_time,
        e1_0.event_date,
        ed1_0.description_id,
        ed1_0.event_id,
        ed1_0.event_type,
        ed1_0.extra_description,
        ed1_0.featured_artists,
        ed1_0.ticket_purchase_link,
        e1_0.start_time,
        e1_0.title 
    from
        events e1_0 
    left join
        event_descriptions ed1_0 
            on e1_0.event_id=ed1_0.event_id 
    where
        e1_0.event_id=?
Hibernate: 
    select
        v1_0.event_id,
        v1_1.venue_id,
        v1_1.address,
        v1_1.capacity,
        v1_1.city_id,
        c1_0.city_id,
        c1_0.country,
        c1_0.name,
        c1_0.region,
        v1_1.name 
    from
        event_venues v1_0 
    join
        venues v1_1 
            on v1_1.venue_id=v1_0.venue_id 
    left join
        cities c1_0 
            on c1_0.city_id=v1_1.city_id 
    where
        v1_0.event_id=?
Hibernate: 
    select
        e1_0.event_id,
        e1_0.available_tickets,
        e1_0.end_time,
        e1_0.event_date,
        ed1_0.description_id,
        ed1_0.event_id,
        ed1_0.event_type,
        ed1_0.extra_description,
        ed1_0.featured_artists,
        ed1_0.ticket_purchase_link,
        e1_0.start_time,
        e1_0.title 
    from
        events e1_0 
    left join
        event_descriptions ed1_0 
            on e1_0.event_id=ed1_0.event_id 
    where
        e1_0.event_id=?
Hibernate: 
    select
        v1_0.event_id,
        v1_1.venue_id,
        v1_1.address,
        v1_1.capacity,
        v1_1.city_id,
        c1_0.city_id,
        c1_0.country,
        c1_0.name,
        c1_0.region,
        v1_1.name 
    from
        event_venues v1_0 
    join
        venues v1_1 
            on v1_1.venue_id=v1_0.venue_id 
    left join
        cities c1_0 
            on c1_0.city_id=v1_1.city_id 
    where
        v1_0.event_id=?
Hibernate: 
    select
        e1_0.event_id,
        e1_0.available_tickets,
        e1_0.end_time,
        e1_0.event_date,
        ed1_0.description_id,
        ed1_0.event_id,
        ed1_0.event_type,
        ed1_0.extra_description,
        ed1_0.featured_artists,
        ed1_0.ticket_purchase_link,
        e1_0.start_time,
        e1_0.title 
    from
        events e1_0 
    left join
        event_descriptions ed1_0 
            on e1_0.event_id=ed1_0.event_id 
    where
        e1_0.event_id=?
Hibernate: 
    select
        v1_0.event_id,
        v1_1.venue_id,
        v1_1.address,
        v1_1.capacity,
        v1_1.city_id,
        c1_0.city_id,
        c1_0.country,
        c1_0.name,
        c1_0.region,
        v1_1.name 
    from
        event_venues v1_0 
    join
        venues v1_1 
            on v1_1.venue_id=v1_0.venue_id 
    left join
        cities c1_0 
            on c1_0.city_id=v1_1.city_id 
    where
        v1_0.event_id=?
Hibernate: 
    select
        e1_0.event_id,
        e1_0.available_tickets,
        e1_0.end_time,
        e1_0.event_date,
        ed1_0.description_id,
        ed1_0.event_id,
        ed1_0.event_type,
        ed1_0.extra_description,
        ed1_0.featured_artists,
        ed1_0.ticket_purchase_link,
        e1_0.start_time,
        e1_0.title 
    from
        events e1_0 
    left join
        event_descriptions ed1_0 
            on e1_0.event_id=ed1_0.event_id 
    where
        e1_0.event_id=?
Hibernate: 
    select
        v1_0.event_id,
        v1_1.venue_id,
        v1_1.address,
        v1_1.capacity,
        v1_1.city_id,
        c1_0.city_id,
        c1_0.country,
        c1_0.name,
        c1_0.region,
        v1_1.name 
    from
        event_venues v1_0 
    join
        venues v1_1 
            on v1_1.venue_id=v1_0.venue_id 
    left join
        cities c1_0 
            on c1_0.city_id=v1_1.city_id 
    where
        v1_0.event_id=?
Hibernate: 
    select
        e1_0.event_id,
        e1_0.available_tickets,
        e1_0.end_time,
        e1_0.event_date,
        ed1_0.description_id,
        ed1_0.event_id,
        ed1_0.event_type,
        ed1_0.extra_description,
        ed1_0.featured_artists,
        ed1_0.ticket_purchase_link,
        e1_0.start_time,
        e1_0.title 
    from
        events e1_0 
    left join
        event_descriptions ed1_0 
            on e1_0.event_id=ed1_0.event_id 
    where
        e1_0.event_id=?
Hibernate: 
    select
        v1_0.event_id,
        v1_1.venue_id,
        v1_1.address,
        v1_1.capacity,
        v1_1.city_id,
        c1_0.city_id,
        c1_0.country,
        c1_0.name,
        c1_0.region,
        v1_1.name 
    from
        event_venues v1_0 
    join
        venues v1_1 
            on v1_1.venue_id=v1_0.venue_id 
    left join
        cities c1_0 
            on c1_0.city_id=v1_1.city_id 
    where
        v1_0.event_id=?
Hibernate: 
    select
        e1_0.event_id,
        e1_0.available_tickets,
        e1_0.end_time,
        e1_0.event_date,
        ed1_0.description_id,
        ed1_0.event_id,
        ed1_0.event_type,
        ed1_0.extra_description,
        ed1_0.featured_artists,
        ed1_0.ticket_purchase_link,
        e1_0.start_time,
        e1_0.title 
    from
        events e1_0 
    left join
        event_descriptions ed1_0 
            on e1_0.event_id=ed1_0.event_id 
    where
        e1_0.event_id=?
Hibernate: 
    select
        v1_0.event_id,
        v1_1.venue_id,
        v1_1.address,
        v1_1.capacity,
        v1_1.city_id,
        c1_0.city_id,
        c1_0.country,
        c1_0.name,
        c1_0.region,
        v1_1.name 
    from
        event_venues v1_0 
    join
        venues v1_1 
            on v1_1.venue_id=v1_0.venue_id 
    left join
        cities c1_0 
            on c1_0.city_id=v1_1.city_id 
    where
        v1_0.event_id=?
Hibernate: 
    select
        e1_0.event_id,
        e1_0.available_tickets,
        e1_0.end_time,
        e1_0.event_date,
        ed1_0.description_id,
        ed1_0.event_id,
        ed1_0.event_type,
        ed1_0.extra_description,
        ed1_0.featured_artists,
        ed1_0.ticket_purchase_link,
        e1_0.start_time,
        e1_0.title 
    from
        events e1_0 
    left join
        event_descriptions ed1_0 
            on e1_0.event_id=ed1_0.event_id 
    where
        e1_0.event_id=?
Hibernate: 
    select
        v1_0.event_id,
        v1_1.venue_id,
        v1_1.address,
        v1_1.capacity,
        v1_1.city_id,
        c1_0.city_id,
        c1_0.country,
        c1_0.name,
        c1_0.region,
        v1_1.name 
    from
        event_venues v1_0 
    join
        venues v1_1 
            on v1_1.venue_id=v1_0.venue_id 
    left join
        cities c1_0 
            on c1_0.city_id=v1_1.city_id 
    where
        v1_0.event_id=?
Hibernate: 
    select
        e1_0.event_id,
        e1_0.available_tickets,
        e1_0.end_time,
        e1_0.event_date,
        ed1_0.description_id,
        ed1_0.event_id,
        ed1_0.event_type,
        ed1_0.extra_description,
        ed1_0.featured_artists,
        ed1_0.ticket_purchase_link,
        e1_0.start_time,
        e1_0.title 
    from
        events e1_0 
    left join
        event_descriptions ed1_0 
            on e1_0.event_id=ed1_0.event_id 
    where
        e1_0.event_id=?
Hibernate: 
    select
        v1_0.event_id,
        v1_1.venue_id,
        v1_1.address,
        v1_1.capacity,
        v1_1.city_id,
        c1_0.city_id,
        c1_0.country,
        c1_0.name,
        c1_0.region,
        v1_1.name 
    from
        event_venues v1_0 
    join
        venues v1_1 
            on v1_1.venue_id=v1_0.venue_id 
    left join
        cities c1_0 
            on c1_0.city_id=v1_1.city_id 
    where
        v1_0.event_id=?
Hibernate: 
    select
        e1_0.event_id,
        e1_0.available_tickets,
        e1_0.end_time,
        e1_0.event_date,
        ed1_0.description_id,
        ed1_0.event_id,
        ed1_0.event_type,
        ed1_0.extra_description,
        ed1_0.featured_artists,
        ed1_0.ticket_purchase_link,
        e1_0.start_time,
        e1_0.title 
    from
        events e1_0 
    left join
        event_descriptions ed1_0 
            on e1_0.event_id=ed1_0.event_id 
    where
        e1_0.event_id=?
Hibernate: 
    select
        v1_0.event_id,
        v1_1.venue_id,
        v1_1.address,
        v1_1.capacity,
        v1_1.city_id,
        c1_0.city_id,
        c1_0.country,
        c1_0.name,
        c1_0.region,
        v1_1.name 
    from
        event_venues v1_0 
    join
        venues v1_1 
            on v1_1.venue_id=v1_0.venue_id 
    left join
        cities c1_0 
            on c1_0.city_id=v1_1.city_id 
    where
        v1_0.event_id=?
Hibernate: 
    select
        e1_0.event_id,
        e1_0.available_tickets,
        e1_0.end_time,
        e1_0.event_date,
        ed1_0.description_id,
        ed1_0.event_id,
        ed1_0.event_type,
        ed1_0.extra_description,
        ed1_0.featured_artists,
        ed1_0.ticket_purchase_link,
        e1_0.start_time,
        e1_0.title 
    from
        events e1_0 
    left join
        event_descriptions ed1_0 
            on e1_0.event_id=ed1_0.event_id 
    where
        e1_0.event_id=?
Hibernate: 
    select
        v1_0.event_id,
        v1_1.venue_id,
        v1_1.address,
        v1_1.capacity,
        v1_1.city_id,
        c1_0.city_id,
        c1_0.country,
        c1_0.name,
        c1_0.region,
        v1_1.name 
    from
        event_venues v1_0 
    join
        venues v1_1 
            on v1_1.venue_id=v1_0.venue_id 
    left join
        cities c1_0 
            on c1_0.city_id=v1_1.city_id 
    where
        v1_0.event_id=?
Hibernate: 
    select
        e1_0.event_id,
        e1_0.available_tickets,
        e1_0.end_time,
        e1_0.event_date,
        ed1_0.description_id,
        ed1_0.event_id,
        ed1_0.event_type,
        ed1_0.extra_description,
        ed1_0.featured_artists,
        ed1_0.ticket_purchase_link,
        e1_0.start_time,
        e1_0.title 
    from
        events e1_0 
    left join
        event_descriptions ed1_0 
            on e1_0.event_id=ed1_0.event_id 
    where
        e1_0.event_id=?
Hibernate: 
    select
        v1_0.event_id,
        v1_1.venue_id,
        v1_1.address,
        v1_1.capacity,
        v1_1.city_id,
        c1_0.city_id,
        c1_0.country,
        c1_0.name,
        c1_0.region,
        v1_1.name 
    from
        event_venues v1_0 
    join
        venues v1_1 
            on v1_1.venue_id=v1_0.venue_id 
    left join
        cities c1_0 
            on c1_0.city_id=v1_1.city_id 
    where
        v1_0.event_id=?
Hibernate: 
    select
        e1_0.event_id,
        e1_0.available_tickets,
        e1_0.end_time,
        e1_0.event_date,
        ed1_0.description_id,
        ed1_0.event_id,
        ed1_0.event_type,
        ed1_0.extra_description,
        ed1_0.featured_artists,
        ed1_0.ticket_purchase_link,
        e1_0.start_time,
        e1_0.title 
    from
        events e1_0 
    left join
        event_descriptions ed1_0 
            on e1_0.event_id=ed1_0.event_id 
    where
        e1_0.event_id=?
Hibernate: 
    select
        v1_0.event_id,
        v1_1.venue_id,
        v1_1.address,
        v1_1.capacity,
        v1_1.city_id,
        c1_0.city_id,
        c1_0.country,
        c1_0.name,
        c1_0.region,
        v1_1.name 
    from
        event_venues v1_0 
    join
        venues v1_1 
            on v1_1.venue_id=v1_0.venue_id 
    left join
        cities c1_0 
            on c1_0.city_id=v1_1.city_id 
    where
        v1_0.event_id=?
Hibernate: 
    select
        e1_0.event_id,
        e1_0.available_tickets,
        e1_0.end_time,
        e1_0.event_date,
        ed1_0.description_id,
        ed1_0.event_id,
        ed1_0.event_type,
        ed1_0.extra_description,
        ed1_0.featured_artists,
        ed1_0.ticket_purchase_link,
        e1_0.start_time,
        e1_0.title 
    from
        events e1_0 
    left join
        event_descriptions ed1_0 
            on e1_0.event_id=ed1_0.event_id 
    where
        e1_0.event_id=?
Hibernate: 
    select
        v1_0.event_id,
        v1_1.venue_id,
        v1_1.address,
        v1_1.capacity,
        v1_1.city_id,
        c1_0.city_id,
        c1_0.country,
        c1_0.name,
        c1_0.region,
        v1_1.name 
    from
        event_venues v1_0 
    join
        venues v1_1 
            on v1_1.venue_id=v1_0.venue_id 
    left join
        cities c1_0 
            on c1_0.city_id=v1_1.city_id 
    where
        v1_0.event_id=?
Hibernate: 
    select
        e1_0.event_id,
        e1_0.available_tickets,
        e1_0.end_time,
        e1_0.event_date,
        ed1_0.description_id,
        ed1_0.event_id,
        ed1_0.event_type,
        ed1_0.extra_description,
        ed1_0.featured_artists,
        ed1_0.ticket_purchase_link,
        e1_0.start_time,
        e1_0.title 
    from
        events e1_0 
    left join
        event_descriptions ed1_0 
            on e1_0.event_id=ed1_0.event_id 
    where
        e1_0.event_id=?
Hibernate: 
    select
        v1_0.event_id,
        v1_1.venue_id,
        v1_1.address,
        v1_1.capacity,
        v1_1.city_id,
        c1_0.city_id,
        c1_0.country,
        c1_0.name,
        c1_0.region,
        v1_1.name 
    from
        event_venues v1_0 
    join
        venues v1_1 
            on v1_1.venue_id=v1_0.venue_id 
    left join
        cities c1_0 
            on c1_0.city_id=v1_1.city_id 
    where
        v1_0.event_id=?
Hibernate: 
    select
        e1_0.event_id,
        e1_0.available_tickets,
        e1_0.end_time,
        e1_0.event_date,
        ed1_0.description_id,
        ed1_0.event_id,
        ed1_0.event_type,
        ed1_0.extra_description,
        ed1_0.featured_artists,
        ed1_0.ticket_purchase_link,
        e1_0.start_time,
        e1_0.title 
    from
        events e1_0 
    left join
        event_descriptions ed1_0 
            on e1_0.event_id=ed1_0.event_id 
    where
        e1_0.event_id=?
Hibernate: 
    select
        v1_0.event_id,
        v1_1.venue_id,
        v1_1.address,
        v1_1.capacity,
        v1_1.city_id,
        c1_0.city_id,
        c1_0.country,
        c1_0.name,
        c1_0.region,
        v1_1.name 
    from
        event_venues v1_0 
    join
        venues v1_1 
            on v1_1.venue_id=v1_0.venue_id 
    left join
        cities c1_0 
            on c1_0.city_id=v1_1.city_id 
    where
        v1_0.event_id=?
Hibernate: 
    select
        e1_0.event_id,
        e1_0.available_tickets,
        e1_0.end_time,
        e1_0.event_date,
        ed1_0.description_id,
        ed1_0.event_id,
        ed1_0.event_type,
        ed1_0.extra_description,
        ed1_0.featured_artists,
        ed1_0.ticket_purchase_link,
        e1_0.start_time,
        e1_0.title 
    from
        events e1_0 
    left join
        event_descriptions ed1_0 
            on e1_0.event_id=ed1_0.event_id 
    where
        e1_0.event_id=?
Hibernate: 
    select
        v1_0.event_id,
        v1_1.venue_id,
        v1_1.address,
        v1_1.capacity,
        v1_1.city_id,
        c1_0.city_id,
        c1_0.country,
        c1_0.name,
        c1_0.region,
        v1_1.name 
    from
        event_venues v1_0 
    join
        venues v1_1 
            on v1_1.venue_id=v1_0.venue_id 
    left join
        cities c1_0 
            on c1_0.city_id=v1_1.city_id 
    where
        v1_0.event_id=?
Hibernate: 
    select
        e1_0.event_id,
        e1_0.available_tickets,
        e1_0.end_time,
        e1_0.event_date,
        ed1_0.description_id,
        ed1_0.event_id,
        ed1_0.event_type,
        ed1_0.extra_description,
        ed1_0.featured_artists,
        ed1_0.ticket_purchase_link,
        e1_0.start_time,
        e1_0.title 
    from
        events e1_0 
    left join
        event_descriptions ed1_0 
            on e1_0.event_id=ed1_0.event_id 
    where
        e1_0.event_id=?
Hibernate: 
    select
        v1_0.event_id,
        v1_1.venue_id,
        v1_1.address,
        v1_1.capacity,
        v1_1.city_id,
        c1_0.city_id,
        c1_0.country,
        c1_0.name,
        c1_0.region,
        v1_1.name 
    from
        event_venues v1_0 
    join
        venues v1_1 
            on v1_1.venue_id=v1_0.venue_id 
    left join
        cities c1_0 
            on c1_0.city_id=v1_1.city_id 
    where
        v1_0.event_id=?
Hibernate: 
    select
        e1_0.event_id,
        e1_0.available_tickets,
        e1_0.end_time,
        e1_0.event_date,
        ed1_0.description_id,
        ed1_0.event_id,
        ed1_0.event_type,
        ed1_0.extra_description,
        ed1_0.featured_artists,
        ed1_0.ticket_purchase_link,
        e1_0.start_time,
        e1_0.title 
    from
        events e1_0 
    left join
        event_descriptions ed1_0 
            on e1_0.event_id=ed1_0.event_id 
    where
        e1_0.event_id=?
Hibernate: 
    select
        v1_0.event_id,
        v1_1.venue_id,
        v1_1.address,
        v1_1.capacity,
        v1_1.city_id,
        c1_0.city_id,
        c1_0.country,
        c1_0.name,
        c1_0.region,
        v1_1.name 
    from
        event_venues v1_0 
    join
        venues v1_1 
            on v1_1.venue_id=v1_0.venue_id 
    left join
        cities c1_0 
            on c1_0.city_id=v1_1.city_id 
    where
        v1_0.event_id=?
Hibernate: 
    select
        e1_0.event_id,
        e1_0.available_tickets,
        e1_0.end_time,
        e1_0.event_date,
        ed1_0.description_id,
        ed1_0.event_id,
        ed1_0.event_type,
        ed1_0.extra_description,
        ed1_0.featured_artists,
        ed1_0.ticket_purchase_link,
        e1_0.start_time,
        e1_0.title 
    from
        events e1_0 
    left join
        event_descriptions ed1_0 
            on e1_0.event_id=ed1_0.event_id 
    where
        e1_0.event_id=?
Hibernate: 
    select
        v1_0.event_id,
        v1_1.venue_id,
        v1_1.address,
        v1_1.capacity,
        v1_1.city_id,
        c1_0.city_id,
        c1_0.country,
        c1_0.name,
        c1_0.region,
        v1_1.name 
    from
        event_venues v1_0 
    join
        venues v1_1 
            on v1_1.venue_id=v1_0.venue_id 
    left join
        cities c1_0 
            on c1_0.city_id=v1_1.city_id 
    where
        v1_0.event_id=?
Hibernate: 
    select
        e1_0.event_id,
        e1_0.available_tickets,
        e1_0.end_time,
        e1_0.event_date,
        ed1_0.description_id,
        ed1_0.event_id,
        ed1_0.event_type,
        ed1_0.extra_description,
        ed1_0.featured_artists,
        ed1_0.ticket_purchase_link,
        e1_0.start_time,
        e1_0.title 
    from
        events e1_0 
    left join
        event_descriptions ed1_0 
            on e1_0.event_id=ed1_0.event_id 
    where
        e1_0.event_id=?
Hibernate: 
    select
        v1_0.event_id,
        v1_1.venue_id,
        v1_1.address,
        v1_1.capacity,
        v1_1.city_id,
        c1_0.city_id,
        c1_0.country,
        c1_0.name,
        c1_0.region,
        v1_1.name 
    from
        event_venues v1_0 
    join
        venues v1_1 
            on v1_1.venue_id=v1_0.venue_id 
    left join
        cities c1_0 
            on c1_0.city_id=v1_1.city_id 
    where
        v1_0.event_id=?
✅ Database initialized with test data!
Hibernate: 
    select
        count(*) 
    from
        cities c1_0
Hibernate: 
    select
        count(*) 
    from
        users u1_0
Hibernate: 
    select
        count(*) 
    from
        venues v1_0
Hibernate: 
    select
        count(*) 
    from
        events e1_0
📊 Created: 6 cities, 7 users, 22 venues, 39 events
2025-12-21T02:44:17.590+01:00  INFO 55377 --- [fullstack-project] [nio-8080-exec-1] o.a.c.c.C.[Tomcat].[localhost].[/]       : Initializing Spring DispatcherServlet 'dispatcherServlet'
2025-12-21T02:44:17.591+01:00  INFO 55377 --- [fullstack-project] [nio-8080-exec-1] o.s.web.servlet.DispatcherServlet        : Initializing Servlet 'dispatcherServlet'
2025-12-21T02:44:17.602+01:00  INFO 55377 --- [fullstack-project] [nio-8080-exec-1] o.s.web.servlet.DispatcherServlet        : Completed initialization in 11 ms
Hibernate: 
    select
        c1_0.city_id,
        c1_0.country,
        c1_0.name,
        c1_0.region 
    from
        cities c1_0
Hibernate: 
    select
        c1_0.city_id,
        c1_0.country,
        c1_0.name,
        c1_0.region 
    from
        cities c1_0
Hibernate: 
    select
        c1_0.city_id,
        c1_0.country,
        c1_0.name,
        c1_0.region 
    from
        cities c1_0
Hibernate: 
    select
        c1_0.city_id,
        c1_0.country,
        c1_0.name,
        c1_0.region 
    from
        cities c1_0
Hibernate: 
    select
        c1_0.city_id,
        c1_0.country,
        c1_0.name,
        c1_0.region 
    from
        cities c1_0
